0 info it worked if it ends with ok
1 verbose cli [ '/usr/bin/nodejs', '/usr/bin/npm', 'publish' ]
2 info using npm@3.10.3
3 info using node@v6.5.0
4 verbose publish [ '.' ]
5 silly cache add args [ '.', null ]
6 verbose cache add spec .
7 silly cache add parsed spec Result {
7 silly cache add   raw: '.',
7 silly cache add   scope: null,
7 silly cache add   escapedName: null,
7 silly cache add   name: null,
7 silly cache add   rawSpec: '.',
7 silly cache add   spec: '/home/luke/Software/sequently',
7 silly cache add   type: 'directory' }
8 verbose addLocalDirectory /home/luke/.npm/sequently/1.0.0/package.tgz not in flight; packing
9 verbose correctMkdir /home/luke/.npm correctMkdir not in flight; initializing
10 info lifecycle sequently@1.0.0~prepublish: sequently@1.0.0
11 silly lifecycle sequently@1.0.0~prepublish: no script for prepublish, continuing
12 verbose tar pack [ '/home/luke/.npm/sequently/1.0.0/package.tgz',
12 verbose tar pack   '/home/luke/Software/sequently' ]
13 verbose tarball /home/luke/.npm/sequently/1.0.0/package.tgz
14 verbose folder /home/luke/Software/sequently
15 verbose addLocalTarball adding from inside cache /home/luke/.npm/sequently/1.0.0/package.tgz
16 verbose correctMkdir /home/luke/.npm correctMkdir not in flight; initializing
17 silly cache afterAdd sequently@1.0.0
18 verbose afterAdd /home/luke/.npm/sequently/1.0.0/package/package.json not in flight; writing
19 verbose correctMkdir /home/luke/.npm correctMkdir not in flight; initializing
20 verbose afterAdd /home/luke/.npm/sequently/1.0.0/package/package.json written
21 silly publish { name: 'sequently',
21 silly publish   version: '1.0.0',
21 silly publish   description: 'Library for running asynchronous functions sequentially',
21 silly publish   main: 'index.js',
21 silly publish   repository:
21 silly publish    { type: 'git',
21 silly publish      url: 'git+https://github.com/wieczorek1990/sequently.git' },
21 silly publish   keywords: [ 'callback', 'function', 'sequence' ],
21 silly publish   author: { name: 'Łukasz Wieczorek', email: 'wieczorek1990@gmail.com' },
21 silly publish   license: 'MIT',
21 silly publish   bugs: { url: 'https://github.com/wieczorek1990/sequently/issues' },
21 silly publish   homepage: 'https://github.com/wieczorek1990/sequently#readme',
21 silly publish   readme: '# sequently\n\nLibrary for running asynchronous functions sequentially using callbacks.\n\nSee [example usage](https://github.com/wieczorek1990/sequently/blob/master/example.js).\n\n',
21 silly publish   readmeFilename: 'README.md',
21 silly publish   gitHead: '0965df45d203a5451ce3b911c7a52e48b04defd6',
21 silly publish   _id: 'sequently@1.0.0',
21 silly publish   scripts: {},
21 silly publish   _shasum: '627edb89a21c2ed5dec50dc865a4e6bbb04ad7c8',
21 silly publish   _from: '.' }
22 verbose getPublishConfig undefined
23 silly mapToRegistry name sequently
24 silly mapToRegistry using default registry
25 silly mapToRegistry registry https://registry.npmjs.org/
26 silly mapToRegistry data Result {
26 silly mapToRegistry   raw: 'sequently',
26 silly mapToRegistry   scope: null,
26 silly mapToRegistry   escapedName: 'sequently',
26 silly mapToRegistry   name: 'sequently',
26 silly mapToRegistry   rawSpec: '',
26 silly mapToRegistry   spec: 'latest',
26 silly mapToRegistry   type: 'tag' }
27 silly mapToRegistry uri https://registry.npmjs.org/sequently
28 verbose publish registryBase https://registry.npmjs.org/
29 silly publish uploading /home/luke/.npm/sequently/1.0.0/package.tgz
30 verbose request uri https://registry.npmjs.org/sequently
31 verbose request sending authorization for write operation
32 info attempt registry request try #1 at 5:16:31 PM
33 verbose request using bearer token for auth
34 verbose request id 7feaa171f5dfe793
35 http request PUT https://registry.npmjs.org/sequently
36 http 403 https://registry.npmjs.org/sequently
37 verbose headers { 'content-type': 'application/json',
37 verbose headers   'cache-control': 'max-age=300',
37 verbose headers   'content-length': '95',
37 verbose headers   'accept-ranges': 'bytes',
37 verbose headers   date: 'Sun, 11 Sep 2016 15:16:15 GMT',
37 verbose headers   via: '1.1 varnish',
37 verbose headers   connection: 'keep-alive',
37 verbose headers   'x-served-by': 'cache-fra1251-FRA',
37 verbose headers   'x-cache': 'MISS',
37 verbose headers   'x-cache-hits': '0',
37 verbose headers   'x-timer': 'S1473606974.576058,VS0,VE879',
37 verbose headers   vary: 'Accept-Encoding' }
38 verbose request invalidating /home/luke/.npm/registry.npmjs.org/sequently on PUT
39 error publish Failed PUT 403
40 verbose stack Error: "You cannot publish over the previously published version 1.0.0." : sequently
40 verbose stack     at makeError (/usr/lib/node_modules/npm/node_modules/npm-registry-client/lib/request.js:264:12)
40 verbose stack     at CachingRegistryClient.<anonymous> (/usr/lib/node_modules/npm/node_modules/npm-registry-client/lib/request.js:252:14)
40 verbose stack     at Request._callback (/usr/lib/node_modules/npm/node_modules/npm-registry-client/lib/request.js:172:14)
40 verbose stack     at Request.self.callback (/usr/lib/node_modules/npm/node_modules/request/request.js:200:22)
40 verbose stack     at emitTwo (events.js:106:13)
40 verbose stack     at Request.emit (events.js:191:7)
40 verbose stack     at Request.<anonymous> (/usr/lib/node_modules/npm/node_modules/request/request.js:1067:10)
40 verbose stack     at emitOne (events.js:101:20)
40 verbose stack     at Request.emit (events.js:188:7)
40 verbose stack     at IncomingMessage.<anonymous> (/usr/lib/node_modules/npm/node_modules/request/request.js:988:12)
41 verbose statusCode 403
42 verbose pkgid sequently
43 verbose cwd /home/luke/Software/sequently
44 error Linux 4.7.0-1-amd64
45 error argv "/usr/bin/nodejs" "/usr/bin/npm" "publish"
46 error node v6.5.0
47 error npm  v3.10.3
48 error code E403
49 error "You cannot publish over the previously published version 1.0.0." : sequently
50 error If you need help, you may report this error at:
50 error     <https://github.com/npm/npm/issues>
51 verbose exit [ 1, true ]
